# JRE version: OpenJDK Runtime Environment (8.0_152-b01) (build 1.8.0_152-release-915-b01)
# Java VM: OpenJDK 64-Bit Server VM (25.152-b01 mixed mode windows-amd64 compressed oops)
Heap:
 PSYoungGen      total 308736K, used 308706K [0x00000000eab00000, 0x0000000100000000, 0x0000000100000000)
  eden space 268288K, 100% used [0x00000000eab00000,0x00000000fb100000,0x00000000fb100000)
  from space 40448K, 99% used [0x00000000fb100000,0x00000000fd878ba0,0x00000000fd880000)
  to   space 40448K, 99% used [0x00000000fd880000,0x00000000ffffef08,0x0000000100000000)
 ParOldGen       total 601088K, used 578171K [0x00000000c0000000, 0x00000000e4b00000, 0x00000000eab00000)
  object space 601088K, 96% used [0x00000000c0000000,0x00000000e349edb0,0x00000000e4b00000)
 Metaspace       used 91606K, capacity 100086K, committed 100352K, reserved 1136640K
  class space    used 11551K, capacity 13510K, committed 13568K, reserved 1048576K
GC Heap History (10 events):
Event: 10779.873 GC heap after
Heap after GC invocations=74 (full 5):
 PSYoungGen      total 291840K, used 6413K [0x00000000eab00000, 0x00000000ffa00000, 0x0000000100000000)
  eden space 263168K, 0% used [0x00000000eab00000,0x00000000eab00000,0x00000000fac00000)
  from space 28672K, 22% used [0x00000000fac00000,0x00000000fb2435f8,0x00000000fc800000)
  to   space 27136K, 0% used [0x00000000fdf80000,0x00000000fdf80000,0x00000000ffa00000)
 ParOldGen       total 263168K, used 126627K [0x00000000c0000000, 0x00000000d0100000, 0x00000000eab00000)
  object space 263168K, 48% used [0x00000000c0000000,0x00000000c7ba8c88,0x00000000d0100000)
 Metaspace       used 91333K, capacity 99686K, committed 99840K, reserved 1136640K
  class space    used 11539K, capacity 13470K, committed 13568K, reserved 1048576K
}
Event: 10939.961 GC heap before
{Heap before GC invocations=75 (full 5):
 PSYoungGen      total 291840K, used 269581K [0x00000000eab00000, 0x00000000ffa00000, 0x0000000100000000)
  eden space 263168K, 100% used [0x00000000eab00000,0x00000000fac00000,0x00000000fac00000)
  from space 28672K, 22% used [0x00000000fac00000,0x00000000fb2435f8,0x00000000fc800000)
  to   space 27136K, 0% used [0x00000000fdf80000,0x00000000fdf80000,0x00000000ffa00000)
 ParOldGen       total 263168K, used 126627K [0x00000000c0000000, 0x00000000d0100000, 0x00000000eab00000)
  object space 263168K, 48% used [0x00000000c0000000,0x00000000c7ba8c88,0x00000000d0100000)
 Metaspace       used 91465K, capacity 99874K, committed 100096K, reserved 1136640K
  class space    used 11550K, capacity 13510K, committed 13568K, reserved 1048576K
Event: 10939.968 GC heap after
Heap after GC invocations=75 (full 5):
 PSYoungGen      total 306688K, used 5773K [0x00000000eab00000, 0x00000000ff480000, 0x0000000100000000)
  eden space 285184K, 0% used [0x00000000eab00000,0x00000000eab00000,0x00000000fc180000)
  from space 21504K, 26% used [0x00000000fdf80000,0x00000000fe523608,0x00000000ff480000)
  to   space 26112K, 0% used [0x00000000fc180000,0x00000000fc180000,0x00000000fdb00000)
 ParOldGen       total 263168K, used 126659K [0x00000000c0000000, 0x00000000d0100000, 0x00000000eab00000)
  object space 263168K, 48% used [0x00000000c0000000,0x00000000c7bb0c88,0x00000000d0100000)
 Metaspace       used 91465K, capacity 99874K, committed 100096K, reserved 1136640K
  class space    used 11550K, capacity 13510K, committed 13568K, reserved 1048576K
}
Event: 10941.579 GC heap before
{Heap before GC invocations=76 (full 5):
 PSYoungGen      total 306688K, used 290957K [0x00000000eab00000, 0x00000000ff480000, 0x0000000100000000)
  eden space 285184K, 100% used [0x00000000eab00000,0x00000000fc180000,0x00000000fc180000)
  from space 21504K, 26% used [0x00000000fdf80000,0x00000000fe523608,0x00000000ff480000)
  to   space 26112K, 0% used [0x00000000fc180000,0x00000000fc180000,0x00000000fdb00000)
 ParOldGen       total 263168K, used 126659K [0x00000000c0000000, 0x00000000d0100000, 0x00000000eab00000)
  object space 263168K, 48% used [0x00000000c0000000,0x00000000c7bb0c88,0x00000000d0100000)
 Metaspace       used 91539K, capacity 100002K, committed 100096K, reserved 1136640K
  class space    used 11551K, capacity 13510K, committed 13568K, reserved 1048576K
Event: 10941.590 GC heap after
Heap after GC invocations=76 (full 5):
 PSYoungGen      total 311296K, used 12363K [0x00000000eab00000, 0x0000000100000000, 0x0000000100000000)
  eden space 285184K, 0% used [0x00000000eab00000,0x00000000eab00000,0x00000000fc180000)
  from space 26112K, 47% used [0x00000000fc180000,0x00000000fcd92f50,0x00000000fdb00000)
  to   space 25600K, 0% used [0x00000000fe700000,0x00000000fe700000,0x0000000100000000)
 ParOldGen       total 263168K, used 126659K [0x00000000c0000000, 0x00000000d0100000, 0x00000000eab00000)
  object space 263168K, 48% used [0x00000000c0000000,0x00000000c7bb0c88,0x00000000d0100000)
 Metaspace       used 91539K, capacity 100002K, committed 100096K, reserved 1136640K
  class space    used 11551K, capacity 13510K, committed 13568K, reserved 1048576K
}
Event: 10942.520 GC heap before
{Heap before GC invocations=77 (full 5):
 PSYoungGen      total 311296K, used 297547K [0x00000000eab00000, 0x0000000100000000, 0x0000000100000000)
  eden space 285184K, 100% used [0x00000000eab00000,0x00000000fc180000,0x00000000fc180000)
  from space 26112K, 47% used [0x00000000fc180000,0x00000000fcd92f50,0x00000000fdb00000)
  to   space 25600K, 0% used [0x00000000fe700000,0x00000000fe700000,0x0000000100000000)
 ParOldGen       total 263168K, used 126659K [0x00000000c0000000, 0x00000000d0100000, 0x00000000eab00000)
  object space 263168K, 48% used [0x00000000c0000000,0x00000000c7bb0c88,0x00000000d0100000)
 Metaspace       used 91550K, capacity 100006K, committed 100096K, reserved 1136640K
  class space    used 11551K, capacity 13510K, committed 13568K, reserved 1048576K
Event: 10942.549 GC heap after
Heap after GC invocations=77 (full 5):
 PSYoungGen      total 293888K, used 25589K [0x00000000eab00000, 0x0000000100000000, 0x0000000100000000)
  eden space 268288K, 0% used [0x00000000eab00000,0x00000000eab00000,0x00000000fb100000)
  from space 25600K, 99% used [0x00000000fe700000,0x00000000ffffd430,0x0000000100000000)
  to   space 40448K, 0% used [0x00000000fb100000,0x00000000fb100000,0x00000000fd880000)
 ParOldGen       total 263168K, used 153582K [0x00000000c0000000, 0x00000000d0100000, 0x00000000eab00000)
  object space 263168K, 58% used [0x00000000c0000000,0x00000000c95fb808,0x00000000d0100000)
 Metaspace       used 91550K, capacity 100006K, committed 100096K, reserved 1136640K
  class space    used 11551K, capacity 13510K, committed 13568K, reserved 1048576K
}
Event: 10943.219 GC heap before
{Heap before GC invocations=78 (full 5):
 PSYoungGen      total 293888K, used 293877K [0x00000000eab00000, 0x0000000100000000, 0x0000000100000000)
  eden space 268288K, 100% used [0x00000000eab00000,0x00000000fb100000,0x00000000fb100000)
  from space 25600K, 99% used [0x00000000fe700000,0x00000000ffffd430,0x0000000100000000)
  to   space 40448K, 0% used [0x00000000fb100000,0x00000000fb100000,0x00000000fd880000)
 ParOldGen       total 263168K, used 153582K [0x00000000c0000000, 0x00000000d0100000, 0x00000000eab00000)
  object space 263168K, 58% used [0x00000000c0000000,0x00000000c95fb808,0x00000000d0100000)
 Metaspace       used 91575K, capacity 100018K, committed 100096K, reserved 1136640K
  class space    used 11551K, capacity 13510K, committed 13568K, reserved 1048576K
Event: 10943.273 GC heap after
Heap after GC invocations=78 (full 5):
 PSYoungGen      total 308736K, used 40418K [0x00000000eab00000, 0x0000000100000000, 0x0000000100000000)
  eden space 268288K, 0% used [0x00000000eab00000,0x00000000eab00000,0x00000000fb100000)
  from space 40448K, 99% used [0x00000000fb100000,0x00000000fd878ba0,0x00000000fd880000)
  to   space 40448K, 0% used [0x00000000fd880000,0x00000000fd880000,0x0000000100000000)
 ParOldGen       total 263168K, used 189532K [0x00000000c0000000, 0x00000000d0100000, 0x00000000eab00000)
  object space 263168K, 72% used [0x00000000c0000000,0x00000000cb917048,0x00000000d0100000)
 Metaspace       used 91575K, capacity 100018K, committed 100096K, reserved 1136640K
  class space    used 11551K, capacity 13510K, committed 13568K, reserved 1048576K
}
Event: 10943.866 GC heap before
{Heap before GC invocations=79 (full 5):
 PSYoungGen      total 308736K, used 308706K [0x00000000eab00000, 0x0000000100000000, 0x0000000100000000)
  eden space 268288K, 100% used [0x00000000eab00000,0x00000000fb100000,0x00000000fb100000)
  from space 40448K, 99% used [0x00000000fb100000,0x00000000fd878ba0,0x00000000fd880000)
  to   space 40448K, 0% used [0x00000000fd880000,0x00000000fd880000,0x0000000100000000)
 ParOldGen       total 263168K, used 189532K [0x00000000c0000000, 0x00000000d0100000, 0x00000000eab00000)
  object space 263168K, 72% used [0x00000000c0000000,0x00000000cb917048,0x00000000d0100000)
 Metaspace       used 91606K, capacity 100086K, committed 100352K, reserved 1136640K
  class space    used 11551K, capacity 13510K, committed 13568K, reserved 1048576K

